\BOOKMARK [1][-]{section.1}{Introduction}{}% 1
\BOOKMARK [1][-]{section.2}{Classification}{}% 2
\BOOKMARK [2][-]{subsection.2.1}{All Features \(D1\)}{section.2}% 3
\BOOKMARK [3][-]{subsubsection.2.1.1}{Training Results}{subsection.2.1}% 4
\BOOKMARK [3][-]{subsubsection.2.1.2}{Feature Selection}{subsection.2.1}% 5
\BOOKMARK [2][-]{subsection.2.2}{Specific Features \(D2\)}{section.2}% 6
\BOOKMARK [3][-]{subsubsection.2.2.1}{Training Results}{subsection.2.2}% 7
\BOOKMARK [3][-]{subsubsection.2.2.2}{Ensemble Learning}{subsection.2.2}% 8
\BOOKMARK [3][-]{subsubsection.2.2.3}{Feature Selection}{subsection.2.2}% 9
\BOOKMARK [2][-]{subsection.2.3}{Extra\(D3\)}{section.2}% 10
\BOOKMARK [3][-]{subsubsection.2.3.1}{Training Results}{subsection.2.3}% 11
\BOOKMARK [3][-]{subsubsection.2.3.2}{Ensemble Learning}{subsection.2.3}% 12
\BOOKMARK [3][-]{subsubsection.2.3.3}{Feature Selection}{subsection.2.3}% 13
\BOOKMARK [2][-]{subsection.2.4}{Specific Features and Extra \(D5\)}{section.2}% 14
\BOOKMARK [3][-]{subsubsection.2.4.1}{Training Results}{subsection.2.4}% 15
\BOOKMARK [3][-]{subsubsection.2.4.2}{Ensemble Learning}{subsection.2.4}% 16
\BOOKMARK [3][-]{subsubsection.2.4.3}{Feature Selection}{subsection.2.4}% 17
\BOOKMARK [1][-]{section.3}{Regression}{}% 18
\BOOKMARK [2][-]{subsection.3.1}{All Features\(D1\)}{section.3}% 19
\BOOKMARK [3][-]{subsubsection.3.1.1}{Training Results}{subsection.3.1}% 20
\BOOKMARK [3][-]{subsubsection.3.1.2}{Dimension Reduction}{subsection.3.1}% 21
\BOOKMARK [3][-]{subsubsection.3.1.3}{Feature Reduction}{subsection.3.1}% 22
\BOOKMARK [2][-]{subsection.3.2}{Specific Features\(D2\)}{section.3}% 23
\BOOKMARK [3][-]{subsubsection.3.2.1}{Results}{subsection.3.2}% 24
\BOOKMARK [3][-]{subsubsection.3.2.2}{Feature Reduction}{subsection.3.2}% 25
\BOOKMARK [2][-]{subsection.3.3}{Extra Features\(D3\)}{section.3}% 26
\BOOKMARK [3][-]{subsubsection.3.3.1}{Results}{subsection.3.3}% 27
\BOOKMARK [2][-]{subsection.3.4}{Specific and Extra Features\(D5\)}{section.3}% 28
\BOOKMARK [3][-]{subsubsection.3.4.1}{Results}{subsection.3.4}% 29
\BOOKMARK [3][-]{subsubsection.3.4.2}{Feature Reduction}{subsection.3.4}% 30
\BOOKMARK [1][-]{section.4}{Best Results ML}{}% 31
\BOOKMARK [2][-]{subsection.4.1}{Feature Pertubation}{section.4}% 32
\BOOKMARK [2][-]{subsection.4.2}{Feature Values}{section.4}% 33
\BOOKMARK [1][-]{section.5}{Annexes}{}% 34
\BOOKMARK [2][-]{subsection.5.1}{Datasets}{section.5}% 35
\BOOKMARK [2][-]{subsection.5.2}{Features}{section.5}% 36
\BOOKMARK [2][-]{subsection.5.3}{Machine Learning Algorithms}{section.5}% 37
\BOOKMARK [2][-]{subsection.5.4}{Classification}{section.5}% 38
\BOOKMARK [3][-]{subsubsection.5.4.1}{All Features}{subsection.5.4}% 39
\BOOKMARK [3][-]{subsubsection.5.4.2}{Specific Features}{subsection.5.4}% 40
\BOOKMARK [3][-]{subsubsection.5.4.3}{Extra Features}{subsection.5.4}% 41
\BOOKMARK [3][-]{subsubsection.5.4.4}{Specific + Extra Features}{subsection.5.4}% 42
\BOOKMARK [2][-]{subsection.5.5}{Regression Models}{section.5}% 43
\BOOKMARK [3][-]{subsubsection.5.5.1}{All Features}{subsection.5.5}% 44
\BOOKMARK [3][-]{subsubsection.5.5.2}{Specific Features}{subsection.5.5}% 45
\BOOKMARK [3][-]{subsubsection.5.5.3}{Extra Features}{subsection.5.5}% 46
\BOOKMARK [3][-]{subsubsection.5.5.4}{Specific + Extra Features}{subsection.5.5}% 47
\BOOKMARK [2][-]{subsection.5.6}{Results Analysis}{section.5}% 48
\BOOKMARK [2][-]{subsection.5.7}{CausalML}{section.5}% 49
\BOOKMARK [1][-]{section.6}{Bibliography}{}% 50
